0 info it worked if it ends with ok
1 verbose cli [ '/usr/bin/node',
1 verbose cli   '/usr/bin/npm',
1 verbose cli   '-g',
1 verbose cli   'rm',
1 verbose cli   'coffee-script',
1 verbose cli   '└──',
1 verbose cli   'mocha',
1 verbose cli   '├──',
1 verbose cli   '├─┬',
1 verbose cli   '│',
1 verbose cli   '├──',
1 verbose cli   '├─┬',
1 verbose cli   '│',
1 verbose cli   '│',
1 verbose cli   '│',
1 verbose cli   '│',
1 verbose cli   '│',
1 verbose cli   '├──',
1 verbose cli   '├─┬',
1 verbose cli   '│',
1 verbose cli   '│',
1 verbose cli   '└──',
1 verbose cli   'abbrev',
1 verbose cli   'ansi',
1 verbose cli   'ansicolors',
1 verbose cli   'ansistyles',
1 verbose cli   'archy',
1 verbose cli   'block-stream',
1 verbose cli   'char-spinner',
1 verbose cli   'child-process-close',
1 verbose cli   'chmodr',
1 verbose cli   'chownr',
1 verbose cli   'cmd-shim',
1 verbose cli   'columnify',
1 verbose cli   '├─┬',
1 verbose cli   '│',
1 verbose cli   '└─┬',
1 verbose cli   '└─┬',
1 verbose cli   '└──',
1 verbose cli   'editor',
1 verbose cli   'fstream',
1 verbose cli   '└──',
1 verbose cli   'github-url-from-git',
1 verbose cli   'github-url-from-username-repo',
1 verbose cli   'glob',
1 verbose cli   'graceful-fs',
1 verbose cli   'inflight',
1 verbose cli   'inherits',
1 verbose cli   'ini',
1 verbose cli   'init-package-json',
1 verbose cli   '└──',
1 verbose cli   'lockfile',
1 verbose cli   'lru-cache',
1 verbose cli   'minimatch',
1 verbose cli   '└──',
1 verbose cli   'mkdirp',
1 verbose cli   '└──',
1 verbose cli   'node-gyp',
1 verbose cli   'nopt',
1 verbose cli   'npm-cache-filename',
1 verbose cli   'npm-install-checks',
1 verbose cli   'npm-registry-client',
1 verbose cli   'npm-user-validate',
1 verbose cli   'npmconf',
1 verbose cli   '└─┬',
1 verbose cli   '└──',
1 verbose cli   'npmlog',
1 verbose cli   'once',
1 verbose cli   'opener',
1 verbose cli   'osenv',
1 verbose cli   'path-is-inside',
1 verbose cli   'read',
1 verbose cli   '└──',
1 verbose cli   'read-installed',
1 verbose cli   '└──',
1 verbose cli   'read-package-json',
1 verbose cli   '└──',
1 verbose cli   'request',
1 verbose cli   '├──',
1 verbose cli   '├─┬',
1 verbose cli   '│',
1 verbose cli   '│',
1 verbose cli   '│',
1 verbose cli   '│',
1 verbose cli   '├──',
1 verbose cli   '├──',
1 verbose cli   '├─┬',
1 verbose cli   '│',
1 verbose cli   '│',
1 verbose cli   '│',
1 verbose cli   '│',
1 verbose cli   '├─┬',
1 verbose cli   '│',
1 verbose cli   '│',
1 verbose cli   '│',
1 verbose cli   '│',
1 verbose cli   '├─┬',
1 verbose cli   '│',
1 verbose cli   '│',
1 verbose cli   '│',
1 verbose cli   '├──',
1 verbose cli   '├──',
1 verbose cli   '├──',
1 verbose cli   '├──',
1 verbose cli   '├──',
1 verbose cli   '├──',
1 verbose cli   '├─┬',
1 verbose cli   '│',
1 verbose cli   '└──',
1 verbose cli   'retry',
1 verbose cli   'rimraf',
1 verbose cli   'semver',
1 verbose cli   'sha',
1 verbose cli   '└─┬',
1 verbose cli   '├──',
1 verbose cli   '├──',
1 verbose cli   '└──',
1 verbose cli   'slide',
1 verbose cli   'sorted-object',
1 verbose cli   'tar',
1 verbose cli   'text-table',
1 verbose cli   'uid-number',
1 verbose cli   'which' ]
2 info using npm@1.4.28
3 info using node@v0.10.32
4 verbose node symlink /usr/bin/node
5 warn uninstall not installed in /usr/lib/node_modules: "└──"
6 warn uninstall not installed in /usr/lib/node_modules: "├──"
7 warn uninstall not installed in /usr/lib/node_modules: "├─┬"
8 warn uninstall not installed in /usr/lib/node_modules: "│"
9 warn uninstall not installed in /usr/lib/node_modules: "├──"
10 warn uninstall not installed in /usr/lib/node_modules: "├─┬"
11 warn uninstall not installed in /usr/lib/node_modules: "│"
12 warn uninstall not installed in /usr/lib/node_modules: "│"
13 warn uninstall not installed in /usr/lib/node_modules: "│"
14 warn uninstall not installed in /usr/lib/node_modules: "│"
15 warn uninstall not installed in /usr/lib/node_modules: "│"
16 warn uninstall not installed in /usr/lib/node_modules: "├──"
17 warn uninstall not installed in /usr/lib/node_modules: "├─┬"
18 warn uninstall not installed in /usr/lib/node_modules: "│"
19 warn uninstall not installed in /usr/lib/node_modules: "│"
20 warn uninstall not installed in /usr/lib/node_modules: "└──"
21 warn uninstall not installed in /usr/lib/node_modules: "abbrev"
22 warn uninstall not installed in /usr/lib/node_modules: "ansi"
23 warn uninstall not installed in /usr/lib/node_modules: "ansicolors"
24 warn uninstall not installed in /usr/lib/node_modules: "ansistyles"
25 warn uninstall not installed in /usr/lib/node_modules: "archy"
26 warn uninstall not installed in /usr/lib/node_modules: "block-stream"
27 warn uninstall not installed in /usr/lib/node_modules: "char-spinner"
28 warn uninstall not installed in /usr/lib/node_modules: "child-process-close"
29 warn uninstall not installed in /usr/lib/node_modules: "chmodr"
30 warn uninstall not installed in /usr/lib/node_modules: "chownr"
31 warn uninstall not installed in /usr/lib/node_modules: "cmd-shim"
32 warn uninstall not installed in /usr/lib/node_modules: "columnify"
33 warn uninstall not installed in /usr/lib/node_modules: "├─┬"
34 warn uninstall not installed in /usr/lib/node_modules: "│"
35 warn uninstall not installed in /usr/lib/node_modules: "└─┬"
36 warn uninstall not installed in /usr/lib/node_modules: "└─┬"
37 warn uninstall not installed in /usr/lib/node_modules: "└──"
38 warn uninstall not installed in /usr/lib/node_modules: "editor"
39 warn uninstall not installed in /usr/lib/node_modules: "fstream"
40 warn uninstall not installed in /usr/lib/node_modules: "└──"
41 warn uninstall not installed in /usr/lib/node_modules: "github-url-from-git"
42 warn uninstall not installed in /usr/lib/node_modules: "github-url-from-username-repo"
43 warn uninstall not installed in /usr/lib/node_modules: "glob"
44 warn uninstall not installed in /usr/lib/node_modules: "graceful-fs"
45 warn uninstall not installed in /usr/lib/node_modules: "inflight"
46 warn uninstall not installed in /usr/lib/node_modules: "inherits"
47 warn uninstall not installed in /usr/lib/node_modules: "ini"
48 warn uninstall not installed in /usr/lib/node_modules: "init-package-json"
49 warn uninstall not installed in /usr/lib/node_modules: "└──"
50 warn uninstall not installed in /usr/lib/node_modules: "lockfile"
51 warn uninstall not installed in /usr/lib/node_modules: "lru-cache"
52 warn uninstall not installed in /usr/lib/node_modules: "minimatch"
53 warn uninstall not installed in /usr/lib/node_modules: "└──"
54 warn uninstall not installed in /usr/lib/node_modules: "mkdirp"
55 warn uninstall not installed in /usr/lib/node_modules: "└──"
56 warn uninstall not installed in /usr/lib/node_modules: "node-gyp"
57 warn uninstall not installed in /usr/lib/node_modules: "nopt"
58 warn uninstall not installed in /usr/lib/node_modules: "npm-cache-filename"
59 warn uninstall not installed in /usr/lib/node_modules: "npm-install-checks"
60 warn uninstall not installed in /usr/lib/node_modules: "npm-registry-client"
61 warn uninstall not installed in /usr/lib/node_modules: "npm-user-validate"
62 warn uninstall not installed in /usr/lib/node_modules: "npmconf"
63 warn uninstall not installed in /usr/lib/node_modules: "└─┬"
64 warn uninstall not installed in /usr/lib/node_modules: "└──"
65 warn uninstall not installed in /usr/lib/node_modules: "npmlog"
66 warn uninstall not installed in /usr/lib/node_modules: "once"
67 warn uninstall not installed in /usr/lib/node_modules: "opener"
68 warn uninstall not installed in /usr/lib/node_modules: "osenv"
69 warn uninstall not installed in /usr/lib/node_modules: "path-is-inside"
70 warn uninstall not installed in /usr/lib/node_modules: "read"
71 warn uninstall not installed in /usr/lib/node_modules: "└──"
72 warn uninstall not installed in /usr/lib/node_modules: "read-installed"
73 warn uninstall not installed in /usr/lib/node_modules: "└──"
74 warn uninstall not installed in /usr/lib/node_modules: "read-package-json"
75 warn uninstall not installed in /usr/lib/node_modules: "└──"
76 warn uninstall not installed in /usr/lib/node_modules: "request"
77 warn uninstall not installed in /usr/lib/node_modules: "├──"
78 warn uninstall not installed in /usr/lib/node_modules: "├─┬"
79 warn uninstall not installed in /usr/lib/node_modules: "│"
80 warn uninstall not installed in /usr/lib/node_modules: "│"
81 warn uninstall not installed in /usr/lib/node_modules: "│"
82 warn uninstall not installed in /usr/lib/node_modules: "│"
83 warn uninstall not installed in /usr/lib/node_modules: "├──"
84 warn uninstall not installed in /usr/lib/node_modules: "├──"
85 warn uninstall not installed in /usr/lib/node_modules: "├─┬"
86 warn uninstall not installed in /usr/lib/node_modules: "│"
87 warn uninstall not installed in /usr/lib/node_modules: "│"
88 warn uninstall not installed in /usr/lib/node_modules: "│"
89 warn uninstall not installed in /usr/lib/node_modules: "│"
90 warn uninstall not installed in /usr/lib/node_modules: "├─┬"
91 warn uninstall not installed in /usr/lib/node_modules: "│"
92 warn uninstall not installed in /usr/lib/node_modules: "│"
93 warn uninstall not installed in /usr/lib/node_modules: "│"
94 warn uninstall not installed in /usr/lib/node_modules: "│"
95 warn uninstall not installed in /usr/lib/node_modules: "├─┬"
96 warn uninstall not installed in /usr/lib/node_modules: "│"
97 warn uninstall not installed in /usr/lib/node_modules: "│"
98 warn uninstall not installed in /usr/lib/node_modules: "│"
99 warn uninstall not installed in /usr/lib/node_modules: "├──"
100 warn uninstall not installed in /usr/lib/node_modules: "├──"
101 warn uninstall not installed in /usr/lib/node_modules: "├──"
102 warn uninstall not installed in /usr/lib/node_modules: "├──"
103 warn uninstall not installed in /usr/lib/node_modules: "├──"
104 warn uninstall not installed in /usr/lib/node_modules: "├──"
105 warn uninstall not installed in /usr/lib/node_modules: "├─┬"
106 warn uninstall not installed in /usr/lib/node_modules: "│"
107 warn uninstall not installed in /usr/lib/node_modules: "└──"
108 warn uninstall not installed in /usr/lib/node_modules: "retry"
109 warn uninstall not installed in /usr/lib/node_modules: "rimraf"
110 warn uninstall not installed in /usr/lib/node_modules: "semver"
111 warn uninstall not installed in /usr/lib/node_modules: "sha"
112 warn uninstall not installed in /usr/lib/node_modules: "└─┬"
113 warn uninstall not installed in /usr/lib/node_modules: "├──"
114 warn uninstall not installed in /usr/lib/node_modules: "├──"
115 warn uninstall not installed in /usr/lib/node_modules: "└──"
116 warn uninstall not installed in /usr/lib/node_modules: "slide"
117 warn uninstall not installed in /usr/lib/node_modules: "sorted-object"
118 warn uninstall not installed in /usr/lib/node_modules: "tar"
119 warn uninstall not installed in /usr/lib/node_modules: "text-table"
120 warn uninstall not installed in /usr/lib/node_modules: "uid-number"
121 warn uninstall not installed in /usr/lib/node_modules: "which"
122 verbose lib/node_modules/coffee-script unbuild
123 verbose lib/node_modules/mocha unbuild
124 info preuninstall coffee-script@1.8.0
125 info preuninstall mocha@1.21.4
126 info uninstall coffee-script@1.8.0
127 info uninstall mocha@1.21.4
128 verbose true,/usr/lib/node_modules,/usr/lib/node_modules unbuild coffee-script@1.8.0
129 verbose /usr/bin,[object Object] binRoot
130 verbose true,/usr/lib/node_modules,/usr/lib/node_modules unbuild mocha@1.21.4
131 verbose /usr/bin,[object Object] binRoot
132 error Error: EACCES, unlink '/usr/bin/coffee'
132 error  { [Error: EACCES, unlink '/usr/bin/coffee'] errno: 3, code: 'EACCES', path: '/usr/bin/coffee' }
133 error Please try running this command again as root/Administrator.
134 error System Linux 3.13.0-36-generic
135 error command "/usr/bin/node" "/usr/bin/npm" "-g" "rm" "coffee-script" "└──" "mocha" "├──" "├─┬" "│" "├──" "├─┬" "│" "│" "│" "│" "│" "├──" "├─┬" "│" "│" "└──" "abbrev" "ansi" "ansicolors" "ansistyles" "archy" "block-stream" "char-spinner" "child-process-close" "chmodr" "chownr" "cmd-shim" "columnify" "├─┬" "│" "└─┬" "└─┬" "└──" "editor" "fstream" "└──" "github-url-from-git" "github-url-from-username-repo" "glob" "graceful-fs" "inflight" "inherits" "ini" "init-package-json" "└──" "lockfile" "lru-cache" "minimatch" "└──" "mkdirp" "└──" "node-gyp" "nopt" "npm-cache-filename" "npm-install-checks" "npm-registry-client" "npm-user-validate" "npmconf" "└─┬" "└──" "npmlog" "once" "opener" "osenv" "path-is-inside" "read" "└──" "read-installed" "└──" "read-package-json" "└──" "request" "├──" "├─┬" "│" "│" "│" "│" "├──" "├──" "├─┬" "│" "│" "│" "│" "├─┬" "│" "│" "│" "│" "├─┬" "│" "│" "│" "├──" "├──" "├──" "├──" "├──" "├──" "├─┬" "│" "└──" "retry" "rimraf" "semver" "sha" "└─┬" "├──" "├──" "└──" "slide" "sorted-object" "tar" "text-table" "uid-number" "which"
136 error cwd /home/gert/gamerist/handlr
137 error node -v v0.10.32
138 error npm -v 1.4.28
139 error path /usr/bin/coffee
140 error code EACCES
141 error errno 3
142 error stack Error: EACCES, unlink '/usr/bin/coffee'
143 verbose exit [ 3, true ]
