Auto detecting CPU
Using default binary: ./srcds_linux
Server will auto-restart if there is a crash.
Setting breakpad minidump AppID = 232250
Using breakpad crash handler
Setting breakpad minidump AppID = 440
Forcing breakpad minidump interfaces to load
Looking up breakpad interfaces from steamclient
Calling BreakpadMiniDumpSystemInit
Looking up breakpad interfaces from steamclient
Calling BreakpadMiniDumpSystemInit
Setting breakpad minidump AppID = 232250
Setting breakpad minidump AppID = 232251
Setting breakpad minidump AppID = 440
Forcing breakpad minidump interfaces to load
Looking up breakpad interfaces from steamclient
Calling BreakpadMiniDumpSystemInit
Looking up breakpad interfaces from steamclient
Calling BreakpadMiniDumpSystemInit
Setting breakpad minidump AppID = 232250
Killed
Add "-debug" to the ../steamcmd/tf2/srcds_run command line to generate a debug.log to help with solving this problem
E juuni 15 15:30:30 EEST 2015: Server restart in 10 seconds
Setting breakpad minidump AppID = 232250
Using breakpad crash handler
Setting breakpad minidump AppID = 440
Forcing breakpad minidump interfaces to load
Looking up breakpad interfaces from steamclient
Calling BreakpadMiniDumpSystemInit
Looking up breakpad interfaces from steamclient
Calling BreakpadMiniDumpSystemInit
Setting breakpad minidump AppID = 232250
Setting breakpad minidump AppID = 232251
Setting breakpad minidump AppID = 440
Forcing breakpad minidump interfaces to load
Looking up breakpad interfaces from steamclient
Calling BreakpadMiniDumpSystemInit
Looking up breakpad interfaces from steamclient
Calling BreakpadMiniDumpSystemInit
Setting breakpad minidump AppID = 232250
Killed
Add "-debug" to the ../steamcmd/tf2/srcds_run command line to generate a debug.log to help with solving this problem
E juuni 15 15:44:02 EEST 2015: Server restart in 10 seconds
Setting breakpad minidump AppID = 232250
Using breakpad crash handler
Setting breakpad minidump AppID = 440
Forcing breakpad minidump interfaces to load
Looking up breakpad interfaces from steamclient
Calling BreakpadMiniDumpSystemInit
Looking up breakpad interfaces from steamclient
Calling BreakpadMiniDumpSystemInit
Setting breakpad minidump AppID = 232250
Setting breakpad minidump AppID = 232251
Setting breakpad minidump AppID = 440
Forcing breakpad minidump interfaces to load
Looking up breakpad interfaces from steamclient
Calling BreakpadMiniDumpSystemInit
Looking up breakpad interfaces from steamclient
Calling BreakpadMiniDumpSystemInit
Setting breakpad minidump AppID = 232250
Killed
Add "-debug" to the ../steamcmd/tf2/srcds_run command line to generate a debug.log to help with solving this problem
E juuni 15 15:47:49 EEST 2015: Server restart in 10 seconds
Setting breakpad minidump AppID = 232250
Using breakpad crash handler
Setting breakpad minidump AppID = 440
Forcing breakpad minidump interfaces to load
Looking up breakpad interfaces from steamclient
Calling BreakpadMiniDumpSystemInit
Looking up breakpad interfaces from steamclient
Calling BreakpadMiniDumpSystemInit
Setting breakpad minidump AppID = 232250
Setting breakpad minidump AppID = 232251
Setting breakpad minidump AppID = 440
Forcing breakpad minidump interfaces to load
Looking up breakpad interfaces from steamclient
Calling BreakpadMiniDumpSystemInit
Looking up breakpad interfaces from steamclient
Calling BreakpadMiniDumpSystemInit
Setting breakpad minidump AppID = 232250
Killed
Add "-debug" to the ../steamcmd/tf2/srcds_run command line to generate a debug.log to help with solving this problem
E juuni 15 15:58:59 EEST 2015: Server restart in 10 seconds
Setting breakpad minidump AppID = 232250
Using breakpad crash handler
Setting breakpad minidump AppID = 440
Forcing breakpad minidump interfaces to load
Looking up breakpad interfaces from steamclient
Calling BreakpadMiniDumpSystemInit
Looking up breakpad interfaces from steamclient
Calling BreakpadMiniDumpSystemInit
Setting breakpad minidump AppID = 232250
Setting breakpad minidump AppID = 232251
Setting breakpad minidump AppID = 440
Forcing breakpad minidump interfaces to load
Looking up breakpad interfaces from steamclient
Calling BreakpadMiniDumpSystemInit
Looking up breakpad interfaces from steamclient
Calling BreakpadMiniDumpSystemInit
Setting breakpad minidump AppID = 232250
Killed
Add "-debug" to the ../steamcmd/tf2/srcds_run command line to generate a debug.log to help with solving this problem
E juuni 15 16:04:31 EEST 2015: Server restart in 10 seconds
Setting breakpad minidump AppID = 232250
Using breakpad crash handler
Setting breakpad minidump AppID = 440
Forcing breakpad minidump interfaces to load
Looking up breakpad interfaces from steamclient
Calling BreakpadMiniDumpSystemInit
Looking up breakpad interfaces from steamclient
Calling BreakpadMiniDumpSystemInit
Setting breakpad minidump AppID = 232250
Setting breakpad minidump AppID = 232251
Setting breakpad minidump AppID = 440
Forcing breakpad minidump interfaces to load
Looking up breakpad interfaces from steamclient
Calling BreakpadMiniDumpSystemInit
Looking up breakpad interfaces from steamclient
Calling BreakpadMiniDumpSystemInit
Setting breakpad minidump AppID = 232250
Killed
Add "-debug" to the ../steamcmd/tf2/srcds_run command line to generate a debug.log to help with solving this problem
E juuni 15 16:05:13 EEST 2015: Server restart in 10 seconds
Setting breakpad minidump AppID = 232250
Using breakpad crash handler
Setting breakpad minidump AppID = 440
Forcing breakpad minidump interfaces to load
Looking up breakpad interfaces from steamclient
Calling BreakpadMiniDumpSystemInit
Looking up breakpad interfaces from steamclient
Calling BreakpadMiniDumpSystemInit
Setting breakpad minidump AppID = 232250
Setting breakpad minidump AppID = 232251
Killed
Add "-debug" to the ../steamcmd/tf2/srcds_run command line to generate a debug.log to help with solving this problem
E juuni 15 16:05:35 EEST 2015: Server restart in 10 seconds
Setting breakpad minidump AppID = 232250
Using breakpad crash handler
Setting breakpad minidump AppID = 440
Forcing breakpad minidump interfaces to load
Looking up breakpad interfaces from steamclient
Calling BreakpadMiniDumpSystemInit
Looking up breakpad interfaces from steamclient
Calling BreakpadMiniDumpSystemInit
Setting breakpad minidump AppID = 232250
Setting breakpad minidump AppID = 232251
Setting breakpad minidump AppID = 440
Forcing breakpad minidump interfaces to load
Looking up breakpad interfaces from steamclient
Calling BreakpadMiniDumpSystemInit
Looking up breakpad interfaces from steamclient
Calling BreakpadMiniDumpSystemInit
Setting breakpad minidump AppID = 232250
Killed
Add "-debug" to the ../steamcmd/tf2/srcds_run command line to generate a debug.log to help with solving this problem
E juuni 15 16:20:22 EEST 2015: Server restart in 10 seconds
Setting breakpad minidump AppID = 232250
Using breakpad crash handler
Setting breakpad minidump AppID = 440
Forcing breakpad minidump interfaces to load
Looking up breakpad interfaces from steamclient
Calling BreakpadMiniDumpSystemInit
Looking up breakpad interfaces from steamclient
Calling BreakpadMiniDumpSystemInit
Setting breakpad minidump AppID = 232250
Setting breakpad minidump AppID = 232251
Setting breakpad minidump AppID = 440
Forcing breakpad minidump interfaces to load
Looking up breakpad interfaces from steamclient
Calling BreakpadMiniDumpSystemInit
Looking up breakpad interfaces from steamclient
Calling BreakpadMiniDumpSystemInit
Setting breakpad minidump AppID = 232250
Killed
Add "-debug" to the ../steamcmd/tf2/srcds_run command line to generate a debug.log to help with solving this problem
E juuni 15 16:20:54 EEST 2015: Server restart in 10 seconds
Setting breakpad minidump AppID = 232250
Using breakpad crash handler
Setting breakpad minidump AppID = 440
Forcing breakpad minidump interfaces to load
Looking up breakpad interfaces from steamclient
Calling BreakpadMiniDumpSystemInit
Looking up breakpad interfaces from steamclient
Calling BreakpadMiniDumpSystemInit
Setting breakpad minidump AppID = 232250
Setting breakpad minidump AppID = 232251
Setting breakpad minidump AppID = 440
Forcing breakpad minidump interfaces to load
Looking up breakpad interfaces from steamclient
Calling BreakpadMiniDumpSystemInit
Looking up breakpad interfaces from steamclient
Calling BreakpadMiniDumpSystemInit
Setting breakpad minidump AppID = 232250
Killed
Add "-debug" to the ../steamcmd/tf2/srcds_run command line to generate a debug.log to help with solving this problem
E juuni 15 16:33:05 EEST 2015: Server restart in 10 seconds
Setting breakpad minidump AppID = 232250
Using breakpad crash handler
Setting breakpad minidump AppID = 440
Forcing breakpad minidump interfaces to load
Looking up breakpad interfaces from steamclient
Calling BreakpadMiniDumpSystemInit
Looking up breakpad interfaces from steamclient
Calling BreakpadMiniDumpSystemInit
Setting breakpad minidump AppID = 232250
Setting breakpad minidump AppID = 232251
Setting breakpad minidump AppID = 440
Forcing breakpad minidump interfaces to load
Looking up breakpad interfaces from steamclient
Calling BreakpadMiniDumpSystemInit
Looking up breakpad interfaces from steamclient
Calling BreakpadMiniDumpSystemInit
Setting breakpad minidump AppID = 232250
Killed
Add "-debug" to the ../steamcmd/tf2/srcds_run command line to generate a debug.log to help with solving this problem
E juuni 15 16:35:09 EEST 2015: Server restart in 10 seconds
Setting breakpad minidump AppID = 232250
Using breakpad crash handler
Setting breakpad minidump AppID = 440
Forcing breakpad minidump interfaces to load
Looking up breakpad interfaces from steamclient
Calling BreakpadMiniDumpSystemInit
Looking up breakpad interfaces from steamclient
Calling BreakpadMiniDumpSystemInit
Setting breakpad minidump AppID = 232250
Setting breakpad minidump AppID = 232251
Killed
Add "-debug" to the ../steamcmd/tf2/srcds_run command line to generate a debug.log to help with solving this problem
E juuni 15 16:35:27 EEST 2015: Server restart in 10 seconds
Setting breakpad minidump AppID = 232250
Using breakpad crash handler
Setting breakpad minidump AppID = 440
Forcing breakpad minidump interfaces to load
Looking up breakpad interfaces from steamclient
Calling BreakpadMiniDumpSystemInit
Looking up breakpad interfaces from steamclient
Calling BreakpadMiniDumpSystemInit
Setting breakpad minidump AppID = 232250
Setting breakpad minidump AppID = 232251
Killed
Add "-debug" to the ../steamcmd/tf2/srcds_run command line to generate a debug.log to help with solving this problem
E juuni 15 16:35:46 EEST 2015: Server restart in 10 seconds
Setting breakpad minidump AppID = 232250
Using breakpad crash handler
Setting breakpad minidump AppID = 440
Forcing breakpad minidump interfaces to load
Looking up breakpad interfaces from steamclient
Calling BreakpadMiniDumpSystemInit
Looking up breakpad interfaces from steamclient
Calling BreakpadMiniDumpSystemInit
Setting breakpad minidump AppID = 232250
Setting breakpad minidump AppID = 232251
Killed
Add "-debug" to the ../steamcmd/tf2/srcds_run command line to generate a debug.log to help with solving this problem
E juuni 15 16:36:04 EEST 2015: Server restart in 10 seconds
Setting breakpad minidump AppID = 232250
Using breakpad crash handler
Setting breakpad minidump AppID = 440
Forcing breakpad minidump interfaces to load
Looking up breakpad interfaces from steamclient
Calling BreakpadMiniDumpSystemInit
Looking up breakpad interfaces from steamclient
Calling BreakpadMiniDumpSystemInit
Setting breakpad minidump AppID = 232250
Setting breakpad minidump AppID = 232251
Setting breakpad minidump AppID = 440
Forcing breakpad minidump interfaces to load
Looking up breakpad interfaces from steamclient
Calling BreakpadMiniDumpSystemInit
Looking up breakpad interfaces from steamclient
Calling BreakpadMiniDumpSystemInit
Setting breakpad minidump AppID = 232250
Killed
Add "-debug" to the ../steamcmd/tf2/srcds_run command line to generate a debug.log to help with solving this problem
E juuni 15 17:01:22 EEST 2015: Server restart in 10 seconds
Setting breakpad minidump AppID = 232250
Using breakpad crash handler
Setting breakpad minidump AppID = 440
Forcing breakpad minidump interfaces to load
Looking up breakpad interfaces from steamclient
Calling BreakpadMiniDumpSystemInit
Looking up breakpad interfaces from steamclient
Calling BreakpadMiniDumpSystemInit
Setting breakpad minidump AppID = 232250
Setting breakpad minidump AppID = 232251
Killed
Add "-debug" to the ../steamcmd/tf2/srcds_run command line to generate a debug.log to help with solving this problem
E juuni 15 17:01:48 EEST 2015: Server restart in 10 seconds
Setting breakpad minidump AppID = 232250
Using breakpad crash handler
Setting breakpad minidump AppID = 440
Forcing breakpad minidump interfaces to load
Looking up breakpad interfaces from steamclient
Calling BreakpadMiniDumpSystemInit
Looking up breakpad interfaces from steamclient
Calling BreakpadMiniDumpSystemInit
Setting breakpad minidump AppID = 232250
Setting breakpad minidump AppID = 232251
Setting breakpad minidump AppID = 440
Forcing breakpad minidump interfaces to load
Looking up breakpad interfaces from steamclient
Calling BreakpadMiniDumpSystemInit
Looking up breakpad interfaces from steamclient
Calling BreakpadMiniDumpSystemInit
Setting breakpad minidump AppID = 232250
Killed
Add "-debug" to the ../steamcmd/tf2/srcds_run command line to generate a debug.log to help with solving this problem
E juuni 15 17:02:14 EEST 2015: Server restart in 10 seconds
Setting breakpad minidump AppID = 232250
Using breakpad crash handler
Setting breakpad minidump AppID = 440
Forcing breakpad minidump interfaces to load
Looking up breakpad interfaces from steamclient
Calling BreakpadMiniDumpSystemInit
Looking up breakpad interfaces from steamclient
Calling BreakpadMiniDumpSystemInit
Setting breakpad minidump AppID = 232250
Setting breakpad minidump AppID = 232251
Setting breakpad minidump AppID = 440
Forcing breakpad minidump interfaces to load
Looking up breakpad interfaces from steamclient
Calling BreakpadMiniDumpSystemInit
Looking up breakpad interfaces from steamclient
Calling BreakpadMiniDumpSystemInit
Setting breakpad minidump AppID = 232250
Killed
Add "-debug" to the ../steamcmd/tf2/srcds_run command line to generate a debug.log to help with solving this problem
E juuni 15 17:03:18 EEST 2015: Server restart in 10 seconds
Setting breakpad minidump AppID = 232250
Using breakpad crash handler
Setting breakpad minidump AppID = 440
Forcing breakpad minidump interfaces to load
Looking up breakpad interfaces from steamclient
Calling BreakpadMiniDumpSystemInit
Looking up breakpad interfaces from steamclient
Calling BreakpadMiniDumpSystemInit
Setting breakpad minidump AppID = 232250
Setting breakpad minidump AppID = 232251
Setting breakpad minidump AppID = 440
Forcing breakpad minidump interfaces to load
Looking up breakpad interfaces from steamclient
Calling BreakpadMiniDumpSystemInit
Looking up breakpad interfaces from steamclient
Calling BreakpadMiniDumpSystemInit
Setting breakpad minidump AppID = 232250
Killed
Add "-debug" to the ../steamcmd/tf2/srcds_run command line to generate a debug.log to help with solving this problem
E juuni 15 17:10:01 EEST 2015: Server restart in 10 seconds
Setting breakpad minidump AppID = 232250
Using breakpad crash handler
Setting breakpad minidump AppID = 440
Forcing breakpad minidump interfaces to load
Looking up breakpad interfaces from steamclient
Calling BreakpadMiniDumpSystemInit
Looking up breakpad interfaces from steamclient
Calling BreakpadMiniDumpSystemInit
Setting breakpad minidump AppID = 232250
Setting breakpad minidump AppID = 232251
Setting breakpad minidump AppID = 440
Forcing breakpad minidump interfaces to load
Looking up breakpad interfaces from steamclient
Calling BreakpadMiniDumpSystemInit
Looking up breakpad interfaces from steamclient
Calling BreakpadMiniDumpSystemInit
Setting breakpad minidump AppID = 232250
Killed
Add "-debug" to the ../steamcmd/tf2/srcds_run command line to generate a debug.log to help with solving this problem
E juuni 15 17:13:04 EEST 2015: Server restart in 10 seconds
Setting breakpad minidump AppID = 232250
Using breakpad crash handler
Setting breakpad minidump AppID = 440
Forcing breakpad minidump interfaces to load
Looking up breakpad interfaces from steamclient
Calling BreakpadMiniDumpSystemInit
Looking up breakpad interfaces from steamclient
Calling BreakpadMiniDumpSystemInit
Setting breakpad minidump AppID = 232250
Setting breakpad minidump AppID = 232251
Setting breakpad minidump AppID = 440
Forcing breakpad minidump interfaces to load
Looking up breakpad interfaces from steamclient
Calling BreakpadMiniDumpSystemInit
Looking up breakpad interfaces from steamclient
Calling BreakpadMiniDumpSystemInit
Setting breakpad minidump AppID = 232250
Killed
Add "-debug" to the ../steamcmd/tf2/srcds_run command line to generate a debug.log to help with solving this problem
E juuni 15 18:23:46 EEST 2015: Server restart in 10 seconds
Setting breakpad minidump AppID = 232250
Using breakpad crash handler
Setting breakpad minidump AppID = 440
Forcing breakpad minidump interfaces to load
Looking up breakpad interfaces from steamclient
Calling BreakpadMiniDumpSystemInit
Looking up breakpad interfaces from steamclient
Calling BreakpadMiniDumpSystemInit
Setting breakpad minidump AppID = 232250
Setting breakpad minidump AppID = 232251
Setting breakpad minidump AppID = 440
Forcing breakpad minidump interfaces to load
Looking up breakpad interfaces from steamclient
Calling BreakpadMiniDumpSystemInit
Looking up breakpad interfaces from steamclient
Calling BreakpadMiniDumpSystemInit
Setting breakpad minidump AppID = 232250
Killed
Add "-debug" to the ../steamcmd/tf2/srcds_run command line to generate a debug.log to help with solving this problem
E juuni 15 19:30:22 EEST 2015: Server restart in 10 seconds
Setting breakpad minidump AppID = 232250
Using breakpad crash handler
Setting breakpad minidump AppID = 440
Forcing breakpad minidump interfaces to load
Looking up breakpad interfaces from steamclient
Calling BreakpadMiniDumpSystemInit
Looking up breakpad interfaces from steamclient
Calling BreakpadMiniDumpSystemInit
Setting breakpad minidump AppID = 232250
Setting breakpad minidump AppID = 232251
Setting breakpad minidump AppID = 440
Forcing breakpad minidump interfaces to load
Looking up breakpad interfaces from steamclient
Calling BreakpadMiniDumpSystemInit
Looking up breakpad interfaces from steamclient
Calling BreakpadMiniDumpSystemInit
Setting breakpad minidump AppID = 232250
Killed
Add "-debug" to the ../steamcmd/tf2/srcds_run command line to generate a debug.log to help with solving this problem
E juuni 15 19:33:04 EEST 2015: Server restart in 10 seconds
Setting breakpad minidump AppID = 232250
Using breakpad crash handler
Setting breakpad minidump AppID = 440
Forcing breakpad minidump interfaces to load
Looking up breakpad interfaces from steamclient
Calling BreakpadMiniDumpSystemInit
Looking up breakpad interfaces from steamclient
Calling BreakpadMiniDumpSystemInit
Setting breakpad minidump AppID = 232250
Setting breakpad minidump AppID = 232251
Setting breakpad minidump AppID = 440
Forcing breakpad minidump interfaces to load
Looking up breakpad interfaces from steamclient
Calling BreakpadMiniDumpSystemInit
Looking up breakpad interfaces from steamclient
Calling BreakpadMiniDumpSystemInit
Setting breakpad minidump AppID = 232250
Killed
Add "-debug" to the ../steamcmd/tf2/srcds_run command line to generate a debug.log to help with solving this problem
E juuni 15 19:34:51 EEST 2015: Server restart in 10 seconds
Setting breakpad minidump AppID = 232250
Using breakpad crash handler
Setting breakpad minidump AppID = 440
Forcing breakpad minidump interfaces to load
Looking up breakpad interfaces from steamclient
Calling BreakpadMiniDumpSystemInit
Looking up breakpad interfaces from steamclient
Calling BreakpadMiniDumpSystemInit
Setting breakpad minidump AppID = 232250
Setting breakpad minidump AppID = 232251
Setting breakpad minidump AppID = 440
Forcing breakpad minidump interfaces to load
Looking up breakpad interfaces from steamclient
Calling BreakpadMiniDumpSystemInit
Looking up breakpad interfaces from steamclient
Calling BreakpadMiniDumpSystemInit
Setting breakpad minidump AppID = 232250
Killed
Add "-debug" to the ../steamcmd/tf2/srcds_run command line to generate a debug.log to help with solving this problem
E juuni 15 20:21:57 EEST 2015: Server restart in 10 seconds
Setting breakpad minidump AppID = 232250
Using breakpad crash handler
Setting breakpad minidump AppID = 440
Forcing breakpad minidump interfaces to load
Looking up breakpad interfaces from steamclient
Calling BreakpadMiniDumpSystemInit
Looking up breakpad interfaces from steamclient
Calling BreakpadMiniDumpSystemInit
Setting breakpad minidump AppID = 232250
Setting breakpad minidump AppID = 232251
Setting breakpad minidump AppID = 440
Forcing breakpad minidump interfaces to load
Looking up breakpad interfaces from steamclient
Calling BreakpadMiniDumpSystemInit
Looking up breakpad interfaces from steamclient
Calling BreakpadMiniDumpSystemInit
Setting breakpad minidump AppID = 232250
Killed
Add "-debug" to the ../steamcmd/tf2/srcds_run command line to generate a debug.log to help with solving this problem
E juuni 15 20:23:25 EEST 2015: Server restart in 10 seconds
Setting breakpad minidump AppID = 232250
Using breakpad crash handler
Setting breakpad minidump AppID = 440
Forcing breakpad minidump interfaces to load
Looking up breakpad interfaces from steamclient
Calling BreakpadMiniDumpSystemInit
Looking up breakpad interfaces from steamclient
Calling BreakpadMiniDumpSystemInit
Setting breakpad minidump AppID = 232250
Setting breakpad minidump AppID = 232251
Killed
Add "-debug" to the ../steamcmd/tf2/srcds_run command line to generate a debug.log to help with solving this problem
E juuni 15 20:23:43 EEST 2015: Server restart in 10 seconds
Setting breakpad minidump AppID = 232250
Using breakpad crash handler
Setting breakpad minidump AppID = 440
Forcing breakpad minidump interfaces to load
Looking up breakpad interfaces from steamclient
Calling BreakpadMiniDumpSystemInit
Looking up breakpad interfaces from steamclient
Calling BreakpadMiniDumpSystemInit
Setting breakpad minidump AppID = 232250
Setting breakpad minidump AppID = 232251
Killed
Add "-debug" to the ../steamcmd/tf2/srcds_run command line to generate a debug.log to help with solving this problem
E juuni 15 20:24:00 EEST 2015: Server restart in 10 seconds
Setting breakpad minidump AppID = 232250
Using breakpad crash handler
Setting breakpad minidump AppID = 440
Forcing breakpad minidump interfaces to load
Looking up breakpad interfaces from steamclient
Calling BreakpadMiniDumpSystemInit
Looking up breakpad interfaces from steamclient
Calling BreakpadMiniDumpSystemInit
Setting breakpad minidump AppID = 232250
Setting breakpad minidump AppID = 232251
Setting breakpad minidump AppID = 440
Forcing breakpad minidump interfaces to load
Looking up breakpad interfaces from steamclient
Calling BreakpadMiniDumpSystemInit
Looking up breakpad interfaces from steamclient
Calling BreakpadMiniDumpSystemInit
Setting breakpad minidump AppID = 232250
Killed
Add "-debug" to the ../steamcmd/tf2/srcds_run command line to generate a debug.log to help with solving this problem
E juuni 15 20:26:13 EEST 2015: Server restart in 10 seconds
Setting breakpad minidump AppID = 232250
Using breakpad crash handler
Setting breakpad minidump AppID = 440
Forcing breakpad minidump interfaces to load
Looking up breakpad interfaces from steamclient
Calling BreakpadMiniDumpSystemInit
Looking up breakpad interfaces from steamclient
Calling BreakpadMiniDumpSystemInit
Setting breakpad minidump AppID = 232250
Setting breakpad minidump AppID = 232251
Setting breakpad minidump AppID = 440
Forcing breakpad minidump interfaces to load
Looking up breakpad interfaces from steamclient
Calling BreakpadMiniDumpSystemInit
Looking up breakpad interfaces from steamclient
Calling BreakpadMiniDumpSystemInit
Setting breakpad minidump AppID = 232250
Killed
Add "-debug" to the ../steamcmd/tf2/srcds_run command line to generate a debug.log to help with solving this problem
E juuni 15 20:29:26 EEST 2015: Server restart in 10 seconds
Setting breakpad minidump AppID = 232250
Using breakpad crash handler
Setting breakpad minidump AppID = 440
Forcing breakpad minidump interfaces to load
Looking up breakpad interfaces from steamclient
Calling BreakpadMiniDumpSystemInit
Looking up breakpad interfaces from steamclient
Calling BreakpadMiniDumpSystemInit
Setting breakpad minidump AppID = 232250
Setting breakpad minidump AppID = 232251
Setting breakpad minidump AppID = 440
Forcing breakpad minidump interfaces to load
Looking up breakpad interfaces from steamclient
Calling BreakpadMiniDumpSystemInit
Looking up breakpad interfaces from steamclient
Calling BreakpadMiniDumpSystemInit
Setting breakpad minidump AppID = 232250
Killed
Add "-debug" to the ../steamcmd/tf2/srcds_run command line to generate a debug.log to help with solving this problem
E juuni 15 20:29:53 EEST 2015: Server restart in 10 seconds
Setting breakpad minidump AppID = 232250
Using breakpad crash handler
Setting breakpad minidump AppID = 440
Forcing breakpad minidump interfaces to load
Looking up breakpad interfaces from steamclient
Calling BreakpadMiniDumpSystemInit
Looking up breakpad interfaces from steamclient
Calling BreakpadMiniDumpSystemInit
Setting breakpad minidump AppID = 232250
Setting breakpad minidump AppID = 232251
Setting breakpad minidump AppID = 440
Forcing breakpad minidump interfaces to load
Looking up breakpad interfaces from steamclient
Calling BreakpadMiniDumpSystemInit
Looking up breakpad interfaces from steamclient
Calling BreakpadMiniDumpSystemInit
Setting breakpad minidump AppID = 232250
Killed
Add "-debug" to the ../steamcmd/tf2/srcds_run command line to generate a debug.log to help with solving this problem
E juuni 15 20:30:53 EEST 2015: Server restart in 10 seconds
Setting breakpad minidump AppID = 232250
Using breakpad crash handler
Setting breakpad minidump AppID = 440
Forcing breakpad minidump interfaces to load
Looking up breakpad interfaces from steamclient
Calling BreakpadMiniDumpSystemInit
Looking up breakpad interfaces from steamclient
Calling BreakpadMiniDumpSystemInit
Setting breakpad minidump AppID = 232250
Setting breakpad minidump AppID = 232251
Setting breakpad minidump AppID = 440
Forcing breakpad minidump interfaces to load
Looking up breakpad interfaces from steamclient
Calling BreakpadMiniDumpSystemInit
Looking up breakpad interfaces from steamclient
Calling BreakpadMiniDumpSystemInit
Setting breakpad minidump AppID = 232250
Killed
Add "-debug" to the ../steamcmd/tf2/srcds_run command line to generate a debug.log to help with solving this problem
E juuni 15 20:31:47 EEST 2015: Server restart in 10 seconds
Setting breakpad minidump AppID = 232250
Using breakpad crash handler
Setting breakpad minidump AppID = 440
Forcing breakpad minidump interfaces to load
Looking up breakpad interfaces from steamclient
Calling BreakpadMiniDumpSystemInit
Looking up breakpad interfaces from steamclient
Calling BreakpadMiniDumpSystemInit
Setting breakpad minidump AppID = 232250
Setting breakpad minidump AppID = 232251
Setting breakpad minidump AppID = 440
Forcing breakpad minidump interfaces to load
Looking up breakpad interfaces from steamclient
Calling BreakpadMiniDumpSystemInit
Looking up breakpad interfaces from steamclient
Calling BreakpadMiniDumpSystemInit
Setting breakpad minidump AppID = 232250
