Auto detecting CPU
Using default binary: ./srcds_linux
Server will auto-restart if there is a crash.
Setting breakpad minidump AppID = 232250
Using breakpad crash handler
Setting breakpad minidump AppID = 440
Forcing breakpad minidump interfaces to load
Looking up breakpad interfaces from steamclient
Calling BreakpadMiniDumpSystemInit
Looking up breakpad interfaces from steamclient
Calling BreakpadMiniDumpSystemInit
Setting breakpad minidump AppID = 232250
Setting breakpad minidump AppID = 232251
Setting breakpad minidump AppID = 440
Forcing breakpad minidump interfaces to load
Looking up breakpad interfaces from steamclient
Calling BreakpadMiniDumpSystemInit
Looking up breakpad interfaces from steamclient
Calling BreakpadMiniDumpSystemInit
Setting breakpad minidump AppID = 232250
Auto detecting CPU
Using default binary: ./srcds_linux
Server will auto-restart if there is a crash.
Setting breakpad minidump AppID = 232250
Using breakpad crash handler
Setting breakpad minidump AppID = 440
Forcing breakpad minidump interfaces to load
Looking up breakpad interfaces from steamclient
Calling BreakpadMiniDumpSystemInit
Looking up breakpad interfaces from steamclient
Calling BreakpadMiniDumpSystemInit
Setting breakpad minidump AppID = 232250
Setting breakpad minidump AppID = 232251
Setting breakpad minidump AppID = 440
Forcing breakpad minidump interfaces to load
Looking up breakpad interfaces from steamclient
Calling BreakpadMiniDumpSystemInit
Looking up breakpad interfaces from steamclient
Calling BreakpadMiniDumpSystemInit
Setting breakpad minidump AppID = 232250
