info it worked if it ends with ok
verbose cli [ 'node', '/usr/bin/npm', 'install', 'bramq' ]
info using npm@1.1.4
info using node@v0.6.12
verbose config file /home/gert/.npmrc
verbose config file /usr/etc/npmrc
verbose config file /usr/share/npm/npmrc
verbose caching /home/steam/handlr/node_modules/amqp/package.json
verbose caching /home/steam/handlr/node_modules/nested-error-stacks/package.json
verbose cache add [ 'bramq', null ]
silly cache add: name, spec, args [ undefined, 'bramq', [ 'bramq', null ] ]
verbose parsed url { pathname: 'bramq', path: 'bramq', href: 'bramq' }
verbose addNamed [ 'bramq', '' ]
verbose addNamed [ null, '' ]
silly name, range, hasData [ 'bramq', '', false ]
verbose raw, before any munging bramq
verbose url resolving [ 'http://registry.npmjs.org/', './bramq' ]
verbose url resolved http://registry.npmjs.org/bramq
http GET http://registry.npmjs.org/bramq
http 404 http://registry.npmjs.org/bramq
silly get cb [ 404,
silly get cb   { server: 'CouchDB/1.5.0 (Erlang OTP/R16B03)',
silly get cb     'content-type': 'application/json',
silly get cb     'cache-control': 'max-age=0',
silly get cb     'content-length': '52',
silly get cb     'accept-ranges': 'bytes',
silly get cb     date: 'Sun, 28 Sep 2014 14:25:26 GMT',
silly get cb     via: '1.1 varnish',
silly get cb     age: '0',
silly get cb     connection: 'keep-alive',
silly get cb     'x-served-by': 'cache-fra1228-FRA',
silly get cb     'x-cache': 'MISS',
silly get cb     'x-cache-hits': '0',
silly get cb     'x-timer': 'S1411914326.549275,VS0,VE178' } ]
ERR! 404 'bramq' is not in the npm registry.
ERR! 404 You should bug the author to publish it
ERR! 404 Note that you can also install from a
ERR! 404 tarball, folder, or http url, or git url.
ERR! 
ERR! System Linux 3.13.0-36-generic
ERR! command "node" "/usr/bin/npm" "install" "bramq"
ERR! cwd /home/steam/handlr
ERR! node -v v0.6.12
ERR! npm -v 1.1.4
ERR! code E404
ERR! message 404 Not Found: bramq
ERR! errno {}
verbose exit [ 1, true ]
