

Started GET "/" for 192.168.1.100 at 2013-10-23 18:00:26 +0300

ActiveRecord::PendingMigrationError (Migrations are pending; run 'rake db:migrate RAILS_ENV=development' to resolve this issue.):
  activerecord (4.0.0) lib/active_record/migration.rb:379:in `check_pending!'
  activerecord (4.0.0) lib/active_record/migration.rb:366:in `call'
  actionpack (4.0.0) lib/action_dispatch/middleware/callbacks.rb:29:in `block in call'
  activesupport (4.0.0) lib/active_support/callbacks.rb:373:in `_run__835126534__call__callbacks'
  activesupport (4.0.0) lib/active_support/callbacks.rb:80:in `run_callbacks'
  actionpack (4.0.0) lib/action_dispatch/middleware/callbacks.rb:27:in `call'
  actionpack (4.0.0) lib/action_dispatch/middleware/reloader.rb:64:in `call'
  actionpack (4.0.0) lib/action_dispatch/middleware/remote_ip.rb:76:in `call'
  actionpack (4.0.0) lib/action_dispatch/middleware/debug_exceptions.rb:17:in `call'
  actionpack (4.0.0) lib/action_dispatch/middleware/show_exceptions.rb:30:in `call'
  railties (4.0.0) lib/rails/rack/logger.rb:38:in `call_app'
  railties (4.0.0) lib/rails/rack/logger.rb:21:in `block in call'
  activesupport (4.0.0) lib/active_support/tagged_logging.rb:67:in `block in tagged'
  activesupport (4.0.0) lib/active_support/tagged_logging.rb:25:in `tagged'
  activesupport (4.0.0) lib/active_support/tagged_logging.rb:67:in `tagged'
  railties (4.0.0) lib/rails/rack/logger.rb:21:in `call'
  actionpack (4.0.0) lib/action_dispatch/middleware/request_id.rb:21:in `call'
  rack (1.5.2) lib/rack/methodoverride.rb:21:in `call'
  rack (1.5.2) lib/rack/runtime.rb:17:in `call'
  rack (1.5.2) lib/rack/lock.rb:17:in `call'
  actionpack (4.0.0) lib/action_dispatch/middleware/static.rb:64:in `call'
  rack-cache (1.2) lib/rack/cache/context.rb:136:in `forward'
  rack-cache (1.2) lib/rack/cache/context.rb:143:in `pass'
  rack-cache (1.2) lib/rack/cache/context.rb:172:in `rescue in lookup'
  rack-cache (1.2) lib/rack/cache/context.rb:168:in `lookup'
  rack-cache (1.2) lib/rack/cache/context.rb:66:in `call!'
  rack-cache (1.2) lib/rack/cache/context.rb:51:in `call'
  railties (4.0.0) lib/rails/engine.rb:511:in `call'
  railties (4.0.0) lib/rails/application.rb:97:in `call'
  rack (1.5.2) lib/rack/lock.rb:17:in `call'
  rack (1.5.2) lib/rack/content_length.rb:14:in `call'
  rack (1.5.2) lib/rack/handler/webrick.rb:60:in `service'
  /home/gert/.rvm/rubies/ruby-2.0.0-p247/lib/ruby/2.0.0/webrick/httpserver.rb:138:in `service'
  /home/gert/.rvm/rubies/ruby-2.0.0-p247/lib/ruby/2.0.0/webrick/httpserver.rb:94:in `run'
  /home/gert/.rvm/rubies/ruby-2.0.0-p247/lib/ruby/2.0.0/webrick/server.rb:295:in `block in start_thread'


  Rendered /home/gert/.rvm/gems/ruby-2.0.0-p247/gems/actionpack-4.0.0/lib/action_dispatch/middleware/templates/rescues/_source.erb (1.7ms)
  Rendered /home/gert/.rvm/gems/ruby-2.0.0-p247/gems/actionpack-4.0.0/lib/action_dispatch/middleware/templates/rescues/_trace.erb (3.3ms)
  Rendered /home/gert/.rvm/gems/ruby-2.0.0-p247/gems/actionpack-4.0.0/lib/action_dispatch/middleware/templates/rescues/_request_and_response.erb (2.8ms)
  Rendered /home/gert/.rvm/gems/ruby-2.0.0-p247/gems/actionpack-4.0.0/lib/action_dispatch/middleware/templates/rescues/diagnostics.erb within rescues/layout (99.1ms)
  [1m[36m (387.8ms)[0m  [1mCREATE TABLE "schema_migrations" ("version" character varying(255) NOT NULL) [0m
  [1m[35m (47.2ms)[0m  CREATE UNIQUE INDEX "unique_schema_migrations" ON "schema_migrations" ("version")
  [1m[36mActiveRecord::SchemaMigration Load (1.6ms)[0m  [1mSELECT "schema_migrations".* FROM "schema_migrations"[0m
Migrating to CreateDelayedJobs (20130929151033)
  [1m[35m (1.1ms)[0m  BEGIN
  [1m[36m (314.0ms)[0m  [1mCREATE TABLE "delayed_jobs" ("id" serial primary key, "priority" integer DEFAULT 0 NOT NULL, "attempts" integer DEFAULT 0 NOT NULL, "handler" text NOT NULL, "last_error" text, "run_at" timestamp, "locked_at" timestamp, "failed_at" timestamp, "locked_by" character varying(255), "queue" character varying(255), "created_at" timestamp, "updated_at" timestamp) [0m
  [1m[35m (8.1ms)[0m  CREATE INDEX "delayed_jobs_priority" ON "delayed_jobs" ("priority", "run_at")
  [1m[36mSQL (4.0ms)[0m  [1mINSERT INTO "schema_migrations" ("version") VALUES ($1)[0m  [["version", "20130929151033"]]
  [1m[35m (28.5ms)[0m  COMMIT
Migrating to DeviseCreateUsers (20131001095044)
  [1m[36m (1.8ms)[0m  [1mBEGIN[0m
  [1m[35m (101.3ms)[0m  CREATE TABLE "users" ("id" serial primary key, "email" character varying(255) DEFAULT '' NOT NULL, "encrypted_password" character varying(255) DEFAULT '' NOT NULL, "reset_password_token" character varying(255), "reset_password_sent_at" timestamp, "remember_created_at" timestamp, "sign_in_count" integer DEFAULT 0 NOT NULL, "current_sign_in_at" timestamp, "last_sign_in_at" timestamp, "current_sign_in_ip" character varying(255), "last_sign_in_ip" character varying(255), "created_at" timestamp, "updated_at" timestamp) 
  [1m[36m (39.0ms)[0m  [1mCREATE UNIQUE INDEX "index_users_on_email" ON "users" ("email")[0m
  [1m[35m (6.4ms)[0m  CREATE UNIQUE INDEX "index_users_on_reset_password_token" ON "users" ("reset_password_token")
  [1m[36mSQL (26.7ms)[0m  [1mINSERT INTO "schema_migrations" ("version") VALUES ($1)[0m  [["version", "20131001095044"]]
  [1m[35m (3.0ms)[0m  COMMIT
  [1m[36mActiveRecord::SchemaMigration Load (1.3ms)[0m  [1mSELECT "schema_migrations".* FROM "schema_migrations"[0m


Started GET "/" for 192.168.1.100 at 2013-10-23 18:02:53 +0300
  [1m[36mActiveRecord::SchemaMigration Load (3.9ms)[0m  [1mSELECT "schema_migrations".* FROM "schema_migrations"[0m
Processing by WelcomeController#index as HTML
  Rendered welcome/index.html.erb within layouts/application (2.8ms)
  Rendered elements/_header.html.erb (0.9ms)
  Rendered elements/_headbar.html.erb (27.7ms)
Completed 200 OK in 2365ms (Views: 1787.1ms | ActiveRecord: 0.0ms)


Started GET "/assets/application.css?body=1" for 192.168.1.100 at 2013-10-23 18:02:55 +0300


Started GET "/assets/gr.css?body=1" for 192.168.1.100 at 2013-10-23 18:02:55 +0300


Started GET "/assets/jquery.js?body=1" for 192.168.1.100 at 2013-10-23 18:02:55 +0300


Started GET "/assets/turbolinks.js?body=1" for 192.168.1.100 at 2013-10-23 18:02:56 +0300


Started GET "/assets/sitewide/flashmessage.js?body=1" for 192.168.1.100 at 2013-10-23 18:02:56 +0300


Started GET "/assets/jquery_ujs.js?body=1" for 192.168.1.100 at 2013-10-23 18:02:56 +0300


Started GET "/assets/sitewide/jquery.animate-colors-min.js?body=1" for 192.168.1.100 at 2013-10-23 18:02:56 +0300


Started GET "/assets/welcome/jquery.animate-shadow-min.js?body=1" for 192.168.1.100 at 2013-10-23 18:02:56 +0300


Started GET "/assets/users.js?body=1" for 192.168.1.100 at 2013-10-23 18:02:56 +0300


Started GET "/assets/application.js?body=1" for 192.168.1.100 at 2013-10-23 18:02:56 +0300


Started GET "/assets/welcome/welcome.js?body=1" for 192.168.1.100 at 2013-10-23 18:02:56 +0300


Started GET "/assets/background.png" for 192.168.1.100 at 2013-10-23 18:02:56 +0300


Started GET "/assets/head_gradient.png" for 192.168.1.100 at 2013-10-23 18:02:56 +0300


Started GET "/assets/gamerist.png" for 192.168.1.100 at 2013-10-23 18:02:56 +0300


Started GET "/assets/crystal_field.png" for 192.168.1.100 at 2013-10-23 18:02:56 +0300


Started GET "/assets/game_logos_48.png" for 192.168.1.100 at 2013-10-23 18:02:56 +0300


Started GET "/assets/slide_game_screenshots.jpg" for 192.168.1.100 at 2013-10-23 18:02:56 +0300


Started GET "/assets/blue_highway_rg.ttf" for 192.168.1.100 at 2013-10-23 18:02:56 +0300
